14:04:33.341 [Test worker] INFO  zerobase.dividend.FunctionTest - Starting FunctionTest using Java 21.0.1 with PID 22824 (started by seong in C:\Users\seong\Desktop\coding\zerobase\Dividend)
14:04:33.342 [Test worker] INFO  zerobase.dividend.FunctionTest - No active profile set, falling back to 1 default profile: "default"
14:04:33.726 [Test worker] INFO  o.s.d.r.c.RepositoryConfigurationDelegate - Multiple Spring Data modules found, entering strict repository configuration mode
14:04:33.727 [Test worker] INFO  o.s.d.r.c.RepositoryConfigurationDelegate - Bootstrapping Spring Data JPA repositories in DEFAULT mode.
14:04:33.815 [Test worker] INFO  o.s.d.r.c.RepositoryConfigurationDelegate - Finished Spring Data repository scanning in 84 ms. Found 3 JPA repository interfaces.
14:04:33.824 [Test worker] INFO  o.s.d.r.c.RepositoryConfigurationDelegate - Multiple Spring Data modules found, entering strict repository configuration mode
14:04:33.824 [Test worker] INFO  o.s.d.r.c.RepositoryConfigurationDelegate - Bootstrapping Spring Data Redis repositories in DEFAULT mode.
14:04:33.832 [Test worker] INFO  o.s.d.r.c.RepositoryConfigurationExtensionSupport - Spring Data Redis - Could not safely identify store assignment for repository candidate interface zerobase.dividend.repository.CompanyRepository; If you want this repository to be a Redis repository, consider annotating your entities with one of these annotations: org.springframework.data.redis.core.RedisHash (preferred), or consider extending one of the following types with your repository: org.springframework.data.keyvalue.repository.KeyValueRepository
14:04:33.833 [Test worker] INFO  o.s.d.r.c.RepositoryConfigurationExtensionSupport - Spring Data Redis - Could not safely identify store assignment for repository candidate interface zerobase.dividend.repository.DividendRepository; If you want this repository to be a Redis repository, consider annotating your entities with one of these annotations: org.springframework.data.redis.core.RedisHash (preferred), or consider extending one of the following types with your repository: org.springframework.data.keyvalue.repository.KeyValueRepository
14:04:33.833 [Test worker] INFO  o.s.d.r.c.RepositoryConfigurationExtensionSupport - Spring Data Redis - Could not safely identify store assignment for repository candidate interface zerobase.dividend.repository.MemberRepository; If you want this repository to be a Redis repository, consider annotating your entities with one of these annotations: org.springframework.data.redis.core.RedisHash (preferred), or consider extending one of the following types with your repository: org.springframework.data.keyvalue.repository.KeyValueRepository
14:04:33.833 [Test worker] INFO  o.s.d.r.c.RepositoryConfigurationDelegate - Finished Spring Data repository scanning in 3 ms. Found 0 Redis repository interfaces.
14:04:34.137 [Test worker] INFO  o.h.jpa.internal.util.LogHelper - HHH000204: Processing PersistenceUnitInfo [name: default]
14:04:34.211 [Test worker] INFO  org.hibernate.Version - HHH000412: Hibernate ORM core version 6.4.4.Final
14:04:34.244 [Test worker] INFO  o.h.c.i.RegionFactoryInitiator - HHH000026: Second-level cache disabled
14:04:34.400 [Test worker] INFO  o.s.o.j.p.SpringPersistenceUnitInfo - No LoadTimeWeaver setup: ignoring JPA class transformer
14:04:34.416 [Test worker] INFO  com.zaxxer.hikari.HikariDataSource - HikariPool-1 - Starting...
14:04:34.517 [Test worker] INFO  com.zaxxer.hikari.pool.HikariPool - HikariPool-1 - Added connection conn0: url=jdbc:h2:mem:test user=SA
14:04:34.518 [Test worker] INFO  com.zaxxer.hikari.HikariDataSource - HikariPool-1 - Start completed.
14:04:35.028 [Test worker] INFO  o.h.e.t.j.p.i.JtaPlatformInitiator - HHH000489: No JTA platform available (set 'hibernate.transaction.jta.platform' to enable JTA platform integration)
14:04:35.055 [Test worker] INFO  o.s.o.j.LocalContainerEntityManagerFactoryBean - Initialized JPA EntityManagerFactory for persistence unit 'default'
14:04:35.593 [Test worker] WARN  o.s.b.a.o.j.JpaBaseConfiguration$JpaWebConfiguration - spring.jpa.open-in-view is enabled by default. Therefore, database queries may be performed during view rendering. Explicitly configure spring.jpa.open-in-view to disable this warning
14:04:35.861 [Test worker] INFO  o.s.s.web.DefaultSecurityFilterChain - Will secure any request with [org.springframework.security.web.session.DisableEncodeUrlFilter@1c11a496, org.springframework.security.web.context.request.async.WebAsyncManagerIntegrationFilter@6296c184, org.springframework.security.web.context.SecurityContextHolderFilter@23a0c7f3, org.springframework.security.web.header.HeaderWriterFilter@5a75bad4, org.springframework.web.filter.CorsFilter@3ea95f79, org.springframework.security.web.authentication.logout.LogoutFilter@21acc86a, zerobase.dividend.security.JwtAuthenticationFilter@6dccdc50, org.springframework.security.web.savedrequest.RequestCacheAwareFilter@76a13b12, org.springframework.security.web.servletapi.SecurityContextHolderAwareRequestFilter@7475f57e, org.springframework.security.web.authentication.AnonymousAuthenticationFilter@bce93d3, org.springframework.security.web.session.SessionManagementFilter@33224703, org.springframework.security.web.access.ExceptionTranslationFilter@623cd12e, org.springframework.security.web.access.intercept.AuthorizationFilter@71c1e70f]
14:04:35.867 [Test worker] WARN  o.s.s.c.a.web.builders.WebSecurity - You are asking Spring Security to ignore Ant [pattern='/h2-console/**']. This is not recommended -- please use permitAll via HttpSecurity#authorizeHttpRequests instead.
14:04:35.867 [Test worker] INFO  o.s.s.web.DefaultSecurityFilterChain - Will not secure Ant [pattern='/h2-console/**']
14:04:36.129 [Test worker] INFO  o.s.b.a.h.H2ConsoleAutoConfiguration - H2 console available at '/h2-console'. Database available at 'jdbc:h2:mem:test'
14:04:36.178 [Test worker] INFO  zerobase.dividend.FunctionTest - Started FunctionTest in 3.039 seconds (process running for 4.528)
14:04:36.616 [SpringApplicationShutdownHook] INFO  o.s.o.j.LocalContainerEntityManagerFactoryBean - Closing JPA EntityManagerFactory for persistence unit 'default'
14:04:36.617 [SpringApplicationShutdownHook] INFO  com.zaxxer.hikari.HikariDataSource - HikariPool-1 - Shutdown initiated...
14:04:36.618 [SpringApplicationShutdownHook] INFO  com.zaxxer.hikari.HikariDataSource - HikariPool-1 - Shutdown completed.
14:04:25.736 [Test worker] INFO  zerobase.dividend.FunctionTest - Starting FunctionTest using Java 21.0.1 with PID 26384 (started by seong in C:\Users\seong\Desktop\coding\zerobase\Dividend)
14:04:25.737 [Test worker] INFO  zerobase.dividend.FunctionTest - No active profile set, falling back to 1 default profile: "default"
14:04:26.115 [Test worker] INFO  o.s.d.r.c.RepositoryConfigurationDelegate - Multiple Spring Data modules found, entering strict repository configuration mode
14:04:26.116 [Test worker] INFO  o.s.d.r.c.RepositoryConfigurationDelegate - Bootstrapping Spring Data JPA repositories in DEFAULT mode.
14:04:26.203 [Test worker] INFO  o.s.d.r.c.RepositoryConfigurationDelegate - Finished Spring Data repository scanning in 83 ms. Found 3 JPA repository interfaces.
14:04:26.212 [Test worker] INFO  o.s.d.r.c.RepositoryConfigurationDelegate - Multiple Spring Data modules found, entering strict repository configuration mode
14:04:26.212 [Test worker] INFO  o.s.d.r.c.RepositoryConfigurationDelegate - Bootstrapping Spring Data Redis repositories in DEFAULT mode.
14:04:26.220 [Test worker] INFO  o.s.d.r.c.RepositoryConfigurationExtensionSupport - Spring Data Redis - Could not safely identify store assignment for repository candidate interface zerobase.dividend.repository.CompanyRepository; If you want this repository to be a Redis repository, consider annotating your entities with one of these annotations: org.springframework.data.redis.core.RedisHash (preferred), or consider extending one of the following types with your repository: org.springframework.data.keyvalue.repository.KeyValueRepository
14:04:26.221 [Test worker] INFO  o.s.d.r.c.RepositoryConfigurationExtensionSupport - Spring Data Redis - Could not safely identify store assignment for repository candidate interface zerobase.dividend.repository.DividendRepository; If you want this repository to be a Redis repository, consider annotating your entities with one of these annotations: org.springframework.data.redis.core.RedisHash (preferred), or consider extending one of the following types with your repository: org.springframework.data.keyvalue.repository.KeyValueRepository
14:04:26.221 [Test worker] INFO  o.s.d.r.c.RepositoryConfigurationExtensionSupport - Spring Data Redis - Could not safely identify store assignment for repository candidate interface zerobase.dividend.repository.MemberRepository; If you want this repository to be a Redis repository, consider annotating your entities with one of these annotations: org.springframework.data.redis.core.RedisHash (preferred), or consider extending one of the following types with your repository: org.springframework.data.keyvalue.repository.KeyValueRepository
14:04:26.221 [Test worker] INFO  o.s.d.r.c.RepositoryConfigurationDelegate - Finished Spring Data repository scanning in 4 ms. Found 0 Redis repository interfaces.
14:04:26.540 [Test worker] INFO  o.h.jpa.internal.util.LogHelper - HHH000204: Processing PersistenceUnitInfo [name: default]
14:04:26.588 [Test worker] INFO  org.hibernate.Version - HHH000412: Hibernate ORM core version 6.4.4.Final
14:04:26.615 [Test worker] INFO  o.h.c.i.RegionFactoryInitiator - HHH000026: Second-level cache disabled
14:04:26.762 [Test worker] INFO  o.s.o.j.p.SpringPersistenceUnitInfo - No LoadTimeWeaver setup: ignoring JPA class transformer
14:04:26.778 [Test worker] INFO  com.zaxxer.hikari.HikariDataSource - HikariPool-1 - Starting...
14:04:26.877 [Test worker] INFO  com.zaxxer.hikari.pool.HikariPool - HikariPool-1 - Added connection conn0: url=jdbc:h2:mem:test user=SA
14:04:26.878 [Test worker] INFO  com.zaxxer.hikari.HikariDataSource - HikariPool-1 - Start completed.
14:04:27.386 [Test worker] INFO  o.h.e.t.j.p.i.JtaPlatformInitiator - HHH000489: No JTA platform available (set 'hibernate.transaction.jta.platform' to enable JTA platform integration)
14:04:27.414 [Test worker] INFO  o.s.o.j.LocalContainerEntityManagerFactoryBean - Initialized JPA EntityManagerFactory for persistence unit 'default'
14:04:27.954 [Test worker] WARN  o.s.b.a.o.j.JpaBaseConfiguration$JpaWebConfiguration - spring.jpa.open-in-view is enabled by default. Therefore, database queries may be performed during view rendering. Explicitly configure spring.jpa.open-in-view to disable this warning
14:04:28.230 [Test worker] INFO  o.s.s.web.DefaultSecurityFilterChain - Will secure any request with [org.springframework.security.web.session.DisableEncodeUrlFilter@6296c184, org.springframework.security.web.context.request.async.WebAsyncManagerIntegrationFilter@3ea95f79, org.springframework.security.web.context.SecurityContextHolderFilter@21b96db, org.springframework.security.web.header.HeaderWriterFilter@77227b1f, org.springframework.web.filter.CorsFilter@bce93d3, org.springframework.security.web.authentication.logout.LogoutFilter@443819d5, zerobase.dividend.security.JwtAuthenticationFilter@203b98cf, org.springframework.security.web.savedrequest.RequestCacheAwareFilter@7475f57e, org.springframework.security.web.servletapi.SecurityContextHolderAwareRequestFilter@514f2b5c, org.springframework.security.web.authentication.AnonymousAuthenticationFilter@1a6ab328, org.springframework.security.web.session.SessionManagementFilter@5915ab69, org.springframework.security.web.access.ExceptionTranslationFilter@57421e4e, org.springframework.security.web.access.intercept.AuthorizationFilter@1469015e]
14:04:28.235 [Test worker] WARN  o.s.s.c.a.web.builders.WebSecurity - You are asking Spring Security to ignore Ant [pattern='/h2-console/**']. This is not recommended -- please use permitAll via HttpSecurity#authorizeHttpRequests instead.
14:04:28.235 [Test worker] INFO  o.s.s.web.DefaultSecurityFilterChain - Will not secure Ant [pattern='/h2-console/**']
14:04:28.480 [Test worker] INFO  o.s.b.a.h.H2ConsoleAutoConfiguration - H2 console available at '/h2-console'. Database available at 'jdbc:h2:mem:test'
14:04:28.539 [Test worker] INFO  zerobase.dividend.FunctionTest - Started FunctionTest in 2.999 seconds (process running for 3.627)
14:04:28.969 [SpringApplicationShutdownHook] INFO  o.s.o.j.LocalContainerEntityManagerFactoryBean - Closing JPA EntityManagerFactory for persistence unit 'default'
14:04:28.970 [SpringApplicationShutdownHook] INFO  com.zaxxer.hikari.HikariDataSource - HikariPool-1 - Shutdown initiated...
14:04:28.971 [SpringApplicationShutdownHook] INFO  com.zaxxer.hikari.HikariDataSource - HikariPool-1 - Shutdown completed.
14:04:45.421 [Test worker] INFO  zerobase.dividend.FunctionTest - Starting FunctionTest using Java 21.0.1 with PID 22928 (started by seong in C:\Users\seong\Desktop\coding\zerobase\Dividend)
14:04:45.422 [Test worker] INFO  zerobase.dividend.FunctionTest - No active profile set, falling back to 1 default profile: "default"
14:04:45.800 [Test worker] INFO  o.s.d.r.c.RepositoryConfigurationDelegate - Multiple Spring Data modules found, entering strict repository configuration mode
14:04:45.802 [Test worker] INFO  o.s.d.r.c.RepositoryConfigurationDelegate - Bootstrapping Spring Data JPA repositories in DEFAULT mode.
14:04:45.882 [Test worker] INFO  o.s.d.r.c.RepositoryConfigurationDelegate - Finished Spring Data repository scanning in 76 ms. Found 3 JPA repository interfaces.
14:04:45.890 [Test worker] INFO  o.s.d.r.c.RepositoryConfigurationDelegate - Multiple Spring Data modules found, entering strict repository configuration mode
14:04:45.890 [Test worker] INFO  o.s.d.r.c.RepositoryConfigurationDelegate - Bootstrapping Spring Data Redis repositories in DEFAULT mode.
14:04:45.897 [Test worker] INFO  o.s.d.r.c.RepositoryConfigurationExtensionSupport - Spring Data Redis - Could not safely identify store assignment for repository candidate interface zerobase.dividend.repository.CompanyRepository; If you want this repository to be a Redis repository, consider annotating your entities with one of these annotations: org.springframework.data.redis.core.RedisHash (preferred), or consider extending one of the following types with your repository: org.springframework.data.keyvalue.repository.KeyValueRepository
14:04:45.898 [Test worker] INFO  o.s.d.r.c.RepositoryConfigurationExtensionSupport - Spring Data Redis - Could not safely identify store assignment for repository candidate interface zerobase.dividend.repository.DividendRepository; If you want this repository to be a Redis repository, consider annotating your entities with one of these annotations: org.springframework.data.redis.core.RedisHash (preferred), or consider extending one of the following types with your repository: org.springframework.data.keyvalue.repository.KeyValueRepository
14:04:45.898 [Test worker] INFO  o.s.d.r.c.RepositoryConfigurationExtensionSupport - Spring Data Redis - Could not safely identify store assignment for repository candidate interface zerobase.dividend.repository.MemberRepository; If you want this repository to be a Redis repository, consider annotating your entities with one of these annotations: org.springframework.data.redis.core.RedisHash (preferred), or consider extending one of the following types with your repository: org.springframework.data.keyvalue.repository.KeyValueRepository
14:04:45.898 [Test worker] INFO  o.s.d.r.c.RepositoryConfigurationDelegate - Finished Spring Data repository scanning in 3 ms. Found 0 Redis repository interfaces.
14:04:46.216 [Test worker] INFO  o.h.jpa.internal.util.LogHelper - HHH000204: Processing PersistenceUnitInfo [name: default]
14:04:46.268 [Test worker] INFO  org.hibernate.Version - HHH000412: Hibernate ORM core version 6.4.4.Final
14:04:46.294 [Test worker] INFO  o.h.c.i.RegionFactoryInitiator - HHH000026: Second-level cache disabled
14:04:46.437 [Test worker] INFO  o.s.o.j.p.SpringPersistenceUnitInfo - No LoadTimeWeaver setup: ignoring JPA class transformer
14:04:46.454 [Test worker] INFO  com.zaxxer.hikari.HikariDataSource - HikariPool-1 - Starting...
14:04:46.554 [Test worker] INFO  com.zaxxer.hikari.pool.HikariPool - HikariPool-1 - Added connection conn0: url=jdbc:h2:mem:test user=SA
14:04:46.555 [Test worker] INFO  com.zaxxer.hikari.HikariDataSource - HikariPool-1 - Start completed.
14:04:47.061 [Test worker] INFO  o.h.e.t.j.p.i.JtaPlatformInitiator - HHH000489: No JTA platform available (set 'hibernate.transaction.jta.platform' to enable JTA platform integration)
14:04:47.088 [Test worker] INFO  o.s.o.j.LocalContainerEntityManagerFactoryBean - Initialized JPA EntityManagerFactory for persistence unit 'default'
14:04:47.619 [Test worker] WARN  o.s.b.a.o.j.JpaBaseConfiguration$JpaWebConfiguration - spring.jpa.open-in-view is enabled by default. Therefore, database queries may be performed during view rendering. Explicitly configure spring.jpa.open-in-view to disable this warning
14:04:47.885 [Test worker] INFO  o.s.s.web.DefaultSecurityFilterChain - Will secure any request with [org.springframework.security.web.session.DisableEncodeUrlFilter@7cbcd27e, org.springframework.security.web.context.request.async.WebAsyncManagerIntegrationFilter@3b870ed3, org.springframework.security.web.context.SecurityContextHolderFilter@52b4da7c, org.springframework.security.web.header.HeaderWriterFilter@23a0c7f3, org.springframework.web.filter.CorsFilter@2d7b117, org.springframework.security.web.authentication.logout.LogoutFilter@1c11a496, zerobase.dividend.security.JwtAuthenticationFilter@3b09582d, org.springframework.security.web.savedrequest.RequestCacheAwareFilter@4b93a232, org.springframework.security.web.servletapi.SecurityContextHolderAwareRequestFilter@6c6fdf5d, org.springframework.security.web.authentication.AnonymousAuthenticationFilter@4cd886b7, org.springframework.security.web.session.SessionManagementFilter@c730e65, org.springframework.security.web.access.ExceptionTranslationFilter@5915ab69, org.springframework.security.web.access.intercept.AuthorizationFilter@67441705]
14:04:47.890 [Test worker] WARN  o.s.s.c.a.web.builders.WebSecurity - You are asking Spring Security to ignore Ant [pattern='/h2-console/**']. This is not recommended -- please use permitAll via HttpSecurity#authorizeHttpRequests instead.
14:04:47.890 [Test worker] INFO  o.s.s.web.DefaultSecurityFilterChain - Will not secure Ant [pattern='/h2-console/**']
14:04:48.124 [Test worker] INFO  o.s.b.a.h.H2ConsoleAutoConfiguration - H2 console available at '/h2-console'. Database available at 'jdbc:h2:mem:test'
14:04:48.178 [Test worker] INFO  zerobase.dividend.FunctionTest - Started FunctionTest in 2.957 seconds (process running for 3.569)
14:04:48.577 [SpringApplicationShutdownHook] INFO  o.s.o.j.LocalContainerEntityManagerFactoryBean - Closing JPA EntityManagerFactory for persistence unit 'default'
14:04:48.577 [SpringApplicationShutdownHook] INFO  com.zaxxer.hikari.HikariDataSource - HikariPool-1 - Shutdown initiated...
14:04:48.578 [SpringApplicationShutdownHook] INFO  com.zaxxer.hikari.HikariDataSource - HikariPool-1 - Shutdown completed.
14:04:45.319 [Test worker] INFO  zerobase.dividend.FunctionTest - Starting FunctionTest using Java 21.0.1 with PID 25008 (started by seong in C:\Users\seong\Desktop\coding\zerobase\Dividend)
14:04:45.319 [Test worker] INFO  zerobase.dividend.FunctionTest - No active profile set, falling back to 1 default profile: "default"
14:04:45.698 [Test worker] INFO  o.s.d.r.c.RepositoryConfigurationDelegate - Multiple Spring Data modules found, entering strict repository configuration mode
14:04:45.699 [Test worker] INFO  o.s.d.r.c.RepositoryConfigurationDelegate - Bootstrapping Spring Data JPA repositories in DEFAULT mode.
14:04:45.782 [Test worker] INFO  o.s.d.r.c.RepositoryConfigurationDelegate - Finished Spring Data repository scanning in 78 ms. Found 3 JPA repository interfaces.
14:04:45.790 [Test worker] INFO  o.s.d.r.c.RepositoryConfigurationDelegate - Multiple Spring Data modules found, entering strict repository configuration mode
14:04:45.790 [Test worker] INFO  o.s.d.r.c.RepositoryConfigurationDelegate - Bootstrapping Spring Data Redis repositories in DEFAULT mode.
14:04:45.797 [Test worker] INFO  o.s.d.r.c.RepositoryConfigurationExtensionSupport - Spring Data Redis - Could not safely identify store assignment for repository candidate interface zerobase.dividend.repository.CompanyRepository; If you want this repository to be a Redis repository, consider annotating your entities with one of these annotations: org.springframework.data.redis.core.RedisHash (preferred), or consider extending one of the following types with your repository: org.springframework.data.keyvalue.repository.KeyValueRepository
14:04:45.798 [Test worker] INFO  o.s.d.r.c.RepositoryConfigurationExtensionSupport - Spring Data Redis - Could not safely identify store assignment for repository candidate interface zerobase.dividend.repository.DividendRepository; If you want this repository to be a Redis repository, consider annotating your entities with one of these annotations: org.springframework.data.redis.core.RedisHash (preferred), or consider extending one of the following types with your repository: org.springframework.data.keyvalue.repository.KeyValueRepository
14:04:45.798 [Test worker] INFO  o.s.d.r.c.RepositoryConfigurationExtensionSupport - Spring Data Redis - Could not safely identify store assignment for repository candidate interface zerobase.dividend.repository.MemberRepository; If you want this repository to be a Redis repository, consider annotating your entities with one of these annotations: org.springframework.data.redis.core.RedisHash (preferred), or consider extending one of the following types with your repository: org.springframework.data.keyvalue.repository.KeyValueRepository
14:04:45.798 [Test worker] INFO  o.s.d.r.c.RepositoryConfigurationDelegate - Finished Spring Data repository scanning in 3 ms. Found 0 Redis repository interfaces.
14:04:46.109 [Test worker] INFO  o.h.jpa.internal.util.LogHelper - HHH000204: Processing PersistenceUnitInfo [name: default]
14:04:46.160 [Test worker] INFO  org.hibernate.Version - HHH000412: Hibernate ORM core version 6.4.4.Final
14:04:46.185 [Test worker] INFO  o.h.c.i.RegionFactoryInitiator - HHH000026: Second-level cache disabled
14:04:46.334 [Test worker] INFO  o.s.o.j.p.SpringPersistenceUnitInfo - No LoadTimeWeaver setup: ignoring JPA class transformer
14:04:46.350 [Test worker] INFO  com.zaxxer.hikari.HikariDataSource - HikariPool-1 - Starting...
14:04:46.451 [Test worker] INFO  com.zaxxer.hikari.pool.HikariPool - HikariPool-1 - Added connection conn0: url=jdbc:h2:mem:test user=SA
14:04:46.452 [Test worker] INFO  com.zaxxer.hikari.HikariDataSource - HikariPool-1 - Start completed.
14:04:46.970 [Test worker] INFO  o.h.e.t.j.p.i.JtaPlatformInitiator - HHH000489: No JTA platform available (set 'hibernate.transaction.jta.platform' to enable JTA platform integration)
14:04:46.998 [Test worker] INFO  o.s.o.j.LocalContainerEntityManagerFactoryBean - Initialized JPA EntityManagerFactory for persistence unit 'default'
14:04:47.550 [Test worker] WARN  o.s.b.a.o.j.JpaBaseConfiguration$JpaWebConfiguration - spring.jpa.open-in-view is enabled by default. Therefore, database queries may be performed during view rendering. Explicitly configure spring.jpa.open-in-view to disable this warning
14:04:47.823 [Test worker] INFO  o.s.s.web.DefaultSecurityFilterChain - Will secure any request with [org.springframework.security.web.session.DisableEncodeUrlFilter@71c1e70f, org.springframework.security.web.context.request.async.WebAsyncManagerIntegrationFilter@1469015e, org.springframework.security.web.context.SecurityContextHolderFilter@33224703, org.springframework.security.web.header.HeaderWriterFilter@55bf08a5, org.springframework.web.filter.CorsFilter@581da9e6, org.springframework.security.web.authentication.logout.LogoutFilter@475454ae, zerobase.dividend.security.JwtAuthenticationFilter@22495f2f, org.springframework.security.web.savedrequest.RequestCacheAwareFilter@1d63f6be, org.springframework.security.web.servletapi.SecurityContextHolderAwareRequestFilter@23a0c7f3, org.springframework.security.web.authentication.AnonymousAuthenticationFilter@1c11a496, org.springframework.security.web.session.SessionManagementFilter@49a46f29, org.springframework.security.web.access.ExceptionTranslationFilter@42cef0af, org.springframework.security.web.access.intercept.AuthorizationFilter@5fe7454c]
14:04:47.828 [Test worker] WARN  o.s.s.c.a.web.builders.WebSecurity - You are asking Spring Security to ignore Ant [pattern='/h2-console/**']. This is not recommended -- please use permitAll via HttpSecurity#authorizeHttpRequests instead.
14:04:47.828 [Test worker] INFO  o.s.s.web.DefaultSecurityFilterChain - Will not secure Ant [pattern='/h2-console/**']
14:04:48.101 [Test worker] INFO  o.s.b.a.h.H2ConsoleAutoConfiguration - H2 console available at '/h2-console'. Database available at 'jdbc:h2:mem:test'
14:04:48.150 [Test worker] INFO  zerobase.dividend.FunctionTest - Started FunctionTest in 3.027 seconds (process running for 3.653)
14:04:48.574 [SpringApplicationShutdownHook] INFO  o.s.o.j.LocalContainerEntityManagerFactoryBean - Closing JPA EntityManagerFactory for persistence unit 'default'
14:04:48.575 [SpringApplicationShutdownHook] INFO  com.zaxxer.hikari.HikariDataSource - HikariPool-1 - Shutdown initiated...
14:04:48.576 [SpringApplicationShutdownHook] INFO  com.zaxxer.hikari.HikariDataSource - HikariPool-1 - Shutdown completed.
